2018-05-15 11:27:03,653 DEBUG [org.pomo.fast.reflect.FastType] - 得到的泛型类型为：[class com.pomo.danmutools.cmd.model.CommandModel]
2018-05-15 11:27:03,664 DEBUG [org.pomo.fast.file.FastPath] - java.class.path : D:\文档\脚本\新建文件夹\DanmuGenius\\Plugin\danmu-tools\downloader.jar
2018-05-15 11:27:03,667 DEBUG [org.pomo.fast.file.FastPath] - java.class.path : D:\文档\脚本\新建文件夹\DanmuGenius\\Plugin\danmu-tools\downloader.jar
2018-05-15 11:27:03,669 DEBUG [org.pomo.fast.file.FastPath] - java.class.path : D:\文档\脚本\新建文件夹\DanmuGenius\\Plugin\danmu-tools\downloader.jar
2018-05-15 11:27:03,669 DEBUG [org.pomo.fast.file.FastPath] - 无法定位程序运行时代码的绝对路径，这可能是一个jar包运行。
2018-05-15 11:27:03,670 DEBUG [org.pomo.fast.file.FastPath] - initPathLib.file : D:\文档\脚本\新建文件夹\DanmuGenius\Plugin\danmu-tools\lib\fast-file-0.2.1-SNAPSHOT.jar
2018-05-15 11:27:03,670 DEBUG [org.pomo.fast.file.FastPath] - 当前项目名称为：downloader
2018-05-15 11:27:03,670 DEBUG [org.pomo.fast.file.FastPath] - 程序运行时，项目所在的绝对路径：D:\文档\脚本\新建文件夹\DanmuGenius\Plugin\danmu-tools
2018-05-15 11:27:03,670 DEBUG [org.pomo.fast.file.FastPath] - 程序运行时，代码的绝对路径：null
2018-05-15 11:27:03,670 DEBUG [org.pomo.fast.file.FastPath] - 程序运行时，当前类所在jar包的绝对路径：D:\文档\脚本\新建文件夹\DanmuGenius\Plugin\danmu-tools\lib
2018-05-15 11:27:03,670 DEBUG [org.pomo.fast.file.FastPath] - 程序运行时的路径：D:\文档\脚本\新建文件夹\DanmuGenius\Plugin\danmu-tools
2018-05-15 11:27:03,671 DEBUG [org.pomo.fast.file.FastFilePath] - 拼接后的路径：D:\文档\脚本\新建文件夹\DanmuGenius\Plugin\danmu-tools\DanMu
2018-05-15 11:27:04,492 INFO [com.pomo.danmutools.core.DanMuDownloader] - 
地址：http://www.iqiyi.com/v_19rr7pfcsc.html
由解析器：爱奇艺单视频弹幕解析器 v1.1，负责解析下载。
2018-05-15 11:27:05,538 DEBUG [org.pomo.fast.http.FastHttp] - 请求地址：http://www.iqiyi.com/v_19rr7pfcsc.html
2018-05-15 11:27:16,950 DEBUG [org.pomo.fast.http.FastHttp] - 响应状态码：200
2018-05-15 11:27:16,950 DEBUG [org.pomo.fast.http.FastHttp] - 以原始流解析
2018-05-15 11:27:16,952 DEBUG [org.pomo.fast.file.FastFileReadWrite] - 默认文件写入流速：8192
2018-05-15 11:27:16,954 DEBUG [org.pomo.fast.file.FastFileReadWrite] - 文件读取成功！
2018-05-15 11:27:17,139 DEBUG [org.pomo.fast.file.FastFilePath] - 拼接后的路径：D:\文档\脚本\新建文件夹\DanmuGenius\Plugin\danmu-tools\DanMu\降临.xml
2018-05-15 11:27:17,193 INFO [com.pomo.danmutools.resolver.api.impl.AbstractSupplierDanMuGenerator] - 
开始处理弹幕《降临》...
2018-05-15 11:27:18,333 DEBUG [org.pomo.fast.http.FastHttp] - 请求地址：http://cmts.iqiyi.com/bullet/80/00/733738000_300_1.z?rn=0.15586047355255783&business=danmu&is_iqiyi=true&is_video_page=true&tvid=733738000&albumid=733738000&categoryid=1&qypid=01010021010000000000
2018-05-15 11:27:18,605 DEBUG [org.pomo.fast.http.FastHttp] - 响应状态码：200
2018-05-15 11:27:18,606 DEBUG [org.pomo.fast.http.FastHttp] - 以Inflater流解析
2018-05-15 11:27:18,608 DEBUG [org.pomo.fast.file.FastFileReadWrite] - 文件读取成功！
2018-05-15 11:27:19,752 DEBUG [org.pomo.fast.http.FastHttp] - 请求地址：http://cmts.iqiyi.com/bullet/80/00/733738000_300_2.z?rn=0.4908134917656348&business=danmu&is_iqiyi=true&is_video_page=true&tvid=733738000&albumid=733738000&categoryid=1&qypid=01010021010000000000
2018-05-15 11:27:20,073 DEBUG [org.pomo.fast.http.FastHttp] - 响应状态码：200
2018-05-15 11:27:20,073 DEBUG [org.pomo.fast.http.FastHttp] - 以Inflater流解析
2018-05-15 11:27:20,075 DEBUG [org.pomo.fast.file.FastFileReadWrite] - 文件读取成功！
2018-05-15 11:27:21,146 DEBUG [org.pomo.fast.http.FastHttp] - 请求地址：http://cmts.iqiyi.com/bullet/80/00/733738000_300_3.z?rn=0.2975558156334538&business=danmu&is_iqiyi=true&is_video_page=true&tvid=733738000&albumid=733738000&categoryid=1&qypid=01010021010000000000
2018-05-15 11:27:21,449 DEBUG [org.pomo.fast.http.FastHttp] - 响应状态码：200
2018-05-15 11:27:21,449 DEBUG [org.pomo.fast.http.FastHttp] - 以Inflater流解析
2018-05-15 11:27:21,450 DEBUG [org.pomo.fast.file.FastFileReadWrite] - 文件读取成功！
2018-05-15 11:27:22,590 DEBUG [org.pomo.fast.http.FastHttp] - 请求地址：http://cmts.iqiyi.com/bullet/80/00/733738000_300_4.z?rn=0.46161225400429784&business=danmu&is_iqiyi=true&is_video_page=true&tvid=733738000&albumid=733738000&categoryid=1&qypid=01010021010000000000
2018-05-15 11:27:22,886 DEBUG [org.pomo.fast.http.FastHttp] - 响应状态码：200
2018-05-15 11:27:22,886 DEBUG [org.pomo.fast.http.FastHttp] - 以Inflater流解析
2018-05-15 11:27:22,887 DEBUG [org.pomo.fast.file.FastFileReadWrite] - 文件读取成功！
2018-05-15 11:27:23,916 DEBUG [org.pomo.fast.http.FastHttp] - 请求地址：http://cmts.iqiyi.com/bullet/80/00/733738000_300_5.z?rn=0.48322007123719646&business=danmu&is_iqiyi=true&is_video_page=true&tvid=733738000&albumid=733738000&categoryid=1&qypid=01010021010000000000
2018-05-15 11:27:24,192 DEBUG [org.pomo.fast.http.FastHttp] - 响应状态码：200
2018-05-15 11:27:24,192 DEBUG [org.pomo.fast.http.FastHttp] - 以Inflater流解析
2018-05-15 11:27:24,193 DEBUG [org.pomo.fast.file.FastFileReadWrite] - 文件读取成功！
2018-05-15 11:27:25,366 DEBUG [org.pomo.fast.http.FastHttp] - 请求地址：http://cmts.iqiyi.com/bullet/80/00/733738000_300_6.z?rn=0.35253902811743776&business=danmu&is_iqiyi=true&is_video_page=true&tvid=733738000&albumid=733738000&categoryid=1&qypid=01010021010000000000
2018-05-15 11:27:25,602 DEBUG [org.pomo.fast.http.FastHttp] - 响应状态码：200
2018-05-15 11:27:25,602 DEBUG [org.pomo.fast.http.FastHttp] - 以Inflater流解析
2018-05-15 11:27:25,603 DEBUG [org.pomo.fast.file.FastFileReadWrite] - 文件读取成功！
2018-05-15 11:27:26,714 DEBUG [org.pomo.fast.http.FastHttp] - 请求地址：http://cmts.iqiyi.com/bullet/80/00/733738000_300_7.z?rn=0.8072400352769353&business=danmu&is_iqiyi=true&is_video_page=true&tvid=733738000&albumid=733738000&categoryid=1&qypid=01010021010000000000
2018-05-15 11:27:27,013 DEBUG [org.pomo.fast.http.FastHttp] - 响应状态码：200
2018-05-15 11:27:27,013 DEBUG [org.pomo.fast.http.FastHttp] - 以Inflater流解析
2018-05-15 11:27:27,015 DEBUG [org.pomo.fast.file.FastFileReadWrite] - 文件读取成功！
2018-05-15 11:27:28,045 DEBUG [org.pomo.fast.http.FastHttp] - 请求地址：http://cmts.iqiyi.com/bullet/80/00/733738000_300_8.z?rn=0.5845486085002504&business=danmu&is_iqiyi=true&is_video_page=true&tvid=733738000&albumid=733738000&categoryid=1&qypid=01010021010000000000
2018-05-15 11:27:28,562 DEBUG [org.pomo.fast.http.FastHttp] - 响应状态码：200
2018-05-15 11:27:28,562 DEBUG [org.pomo.fast.http.FastHttp] - 以Inflater流解析
2018-05-15 11:27:28,563 DEBUG [org.pomo.fast.file.FastFileReadWrite] - 文件读取成功！
2018-05-15 11:27:29,541 DEBUG [org.pomo.fast.http.FastHttp] - 请求地址：http://cmts.iqiyi.com/bullet/80/00/733738000_300_9.z?rn=0.8762197266720231&business=danmu&is_iqiyi=true&is_video_page=true&tvid=733738000&albumid=733738000&categoryid=1&qypid=01010021010000000000
2018-05-15 11:27:29,754 DEBUG [org.pomo.fast.http.FastHttp] - 响应状态码：200
2018-05-15 11:27:29,754 DEBUG [org.pomo.fast.http.FastHttp] - 以Inflater流解析
2018-05-15 11:27:29,755 DEBUG [org.pomo.fast.file.FastFileReadWrite] - 文件读取成功！
2018-05-15 11:27:30,628 DEBUG [org.pomo.fast.http.FastHttp] - 请求地址：http://cmts.iqiyi.com/bullet/80/00/733738000_300_10.z?rn=0.4495368516832715&business=danmu&is_iqiyi=true&is_video_page=true&tvid=733738000&albumid=733738000&categoryid=1&qypid=01010021010000000000
2018-05-15 11:27:30,857 DEBUG [org.pomo.fast.http.FastHttp] - 响应状态码：200
2018-05-15 11:27:30,857 DEBUG [org.pomo.fast.http.FastHttp] - 以Inflater流解析
2018-05-15 11:27:30,859 DEBUG [org.pomo.fast.file.FastFileReadWrite] - 文件读取成功！
2018-05-15 11:27:31,693 DEBUG [org.pomo.fast.http.FastHttp] - 请求地址：http://cmts.iqiyi.com/bullet/80/00/733738000_300_11.z?rn=0.04037458143388939&business=danmu&is_iqiyi=true&is_video_page=true&tvid=733738000&albumid=733738000&categoryid=1&qypid=01010021010000000000
2018-05-15 11:27:32,362 DEBUG [org.pomo.fast.http.FastHttp] - 响应状态码：200
2018-05-15 11:27:32,362 DEBUG [org.pomo.fast.http.FastHttp] - 以Inflater流解析
2018-05-15 11:27:32,362 DEBUG [org.pomo.fast.file.FastFileReadWrite] - 文件读取成功！
2018-05-15 11:27:33,226 DEBUG [org.pomo.fast.http.FastHttp] - 请求地址：http://cmts.iqiyi.com/bullet/80/00/733738000_300_12.z?rn=0.9221162576049238&business=danmu&is_iqiyi=true&is_video_page=true&tvid=733738000&albumid=733738000&categoryid=1&qypid=01010021010000000000
2018-05-15 11:27:33,441 DEBUG [org.pomo.fast.http.FastHttp] - 响应状态码：200
2018-05-15 11:27:33,441 DEBUG [org.pomo.fast.http.FastHttp] - 以Inflater流解析
2018-05-15 11:27:33,442 DEBUG [org.pomo.fast.file.FastFileReadWrite] - 文件读取成功！
2018-05-15 11:27:34,349 DEBUG [org.pomo.fast.http.FastHttp] - 请求地址：http://cmts.iqiyi.com/bullet/80/00/733738000_300_13.z?rn=0.156830387625145&business=danmu&is_iqiyi=true&is_video_page=true&tvid=733738000&albumid=733738000&categoryid=1&qypid=01010021010000000000
2018-05-15 11:27:34,559 DEBUG [org.pomo.fast.http.FastHttp] - 响应状态码：200
2018-05-15 11:27:34,559 DEBUG [org.pomo.fast.http.FastHttp] - 以Inflater流解析
2018-05-15 11:27:34,560 DEBUG [org.pomo.fast.file.FastFileReadWrite] - 文件读取成功！
2018-05-15 11:27:35,445 DEBUG [org.pomo.fast.http.FastHttp] - 请求地址：http://cmts.iqiyi.com/bullet/80/00/733738000_300_14.z?rn=0.8415179552289777&business=danmu&is_iqiyi=true&is_video_page=true&tvid=733738000&albumid=733738000&categoryid=1&qypid=01010021010000000000
2018-05-15 11:27:35,655 DEBUG [org.pomo.fast.http.FastHttp] - 响应状态码：200
2018-05-15 11:27:35,655 DEBUG [org.pomo.fast.http.FastHttp] - 以Inflater流解析
2018-05-15 11:27:35,656 DEBUG [org.pomo.fast.file.FastFileReadWrite] - 文件读取成功！
2018-05-15 11:27:36,694 DEBUG [org.pomo.fast.http.FastHttp] - 请求地址：http://cmts.iqiyi.com/bullet/80/00/733738000_300_15.z?rn=0.3325258160106155&business=danmu&is_iqiyi=true&is_video_page=true&tvid=733738000&albumid=733738000&categoryid=1&qypid=01010021010000000000
2018-05-15 11:27:36,911 DEBUG [org.pomo.fast.http.FastHttp] - 响应状态码：200
2018-05-15 11:27:36,911 DEBUG [org.pomo.fast.http.FastHttp] - 以Inflater流解析
2018-05-15 11:27:36,912 DEBUG [org.pomo.fast.file.FastFileReadWrite] - 文件读取成功！
2018-05-15 11:27:38,099 DEBUG [org.pomo.fast.http.FastHttp] - 请求地址：http://cmts.iqiyi.com/bullet/80/00/733738000_300_16.z?rn=0.08100553470888305&business=danmu&is_iqiyi=true&is_video_page=true&tvid=733738000&albumid=733738000&categoryid=1&qypid=01010021010000000000
2018-05-15 11:27:39,978 DEBUG [org.pomo.fast.http.FastHttp] - 响应状态码：200
2018-05-15 11:27:39,978 DEBUG [org.pomo.fast.http.FastHttp] - 以Inflater流解析
2018-05-15 11:27:39,979 DEBUG [org.pomo.fast.file.FastFileReadWrite] - 文件读取成功！
2018-05-15 11:27:41,055 DEBUG [org.pomo.fast.http.FastHttp] - 请求地址：http://cmts.iqiyi.com/bullet/80/00/733738000_300_17.z?rn=0.48068234093305495&business=danmu&is_iqiyi=true&is_video_page=true&tvid=733738000&albumid=733738000&categoryid=1&qypid=01010021010000000000
2018-05-15 11:27:41,311 DEBUG [org.pomo.fast.http.FastHttp] - 响应状态码：200
2018-05-15 11:27:41,312 DEBUG [org.pomo.fast.http.FastHttp] - 以Inflater流解析
2018-05-15 11:27:41,312 DEBUG [org.pomo.fast.file.FastFileReadWrite] - 文件读取成功！
2018-05-15 11:27:42,035 DEBUG [org.pomo.fast.http.FastHttp] - 请求地址：http://cmts.iqiyi.com/bullet/80/00/733738000_300_18.z?rn=0.7178819088305963&business=danmu&is_iqiyi=true&is_video_page=true&tvid=733738000&albumid=733738000&categoryid=1&qypid=01010021010000000000
2018-05-15 11:27:42,258 DEBUG [org.pomo.fast.http.FastHttp] - 响应状态码：200
2018-05-15 11:27:42,258 DEBUG [org.pomo.fast.http.FastHttp] - 以Inflater流解析
2018-05-15 11:27:42,258 DEBUG [org.pomo.fast.file.FastFileReadWrite] - 文件读取成功！
2018-05-15 11:27:43,270 DEBUG [org.pomo.fast.http.FastHttp] - 请求地址：http://cmts.iqiyi.com/bullet/80/00/733738000_300_19.z?rn=0.05126768480592481&business=danmu&is_iqiyi=true&is_video_page=true&tvid=733738000&albumid=733738000&categoryid=1&qypid=01010021010000000000
2018-05-15 11:27:43,503 DEBUG [org.pomo.fast.http.FastHttp] - 响应状态码：200
2018-05-15 11:27:43,503 DEBUG [org.pomo.fast.http.FastHttp] - 以Inflater流解析
2018-05-15 11:27:43,504 DEBUG [org.pomo.fast.file.FastFileReadWrite] - 文件读取成功！
2018-05-15 11:27:44,298 DEBUG [org.pomo.fast.http.FastHttp] - 请求地址：http://cmts.iqiyi.com/bullet/80/00/733738000_300_20.z?rn=0.2398789451274531&business=danmu&is_iqiyi=true&is_video_page=true&tvid=733738000&albumid=733738000&categoryid=1&qypid=01010021010000000000
2018-05-15 11:27:44,513 DEBUG [org.pomo.fast.http.FastHttp] - 响应状态码：200
2018-05-15 11:27:44,514 DEBUG [org.pomo.fast.http.FastHttp] - 以Inflater流解析
2018-05-15 11:27:44,514 DEBUG [org.pomo.fast.file.FastFileReadWrite] - 文件读取成功！
2018-05-15 11:27:45,266 DEBUG [org.pomo.fast.http.FastHttp] - 请求地址：http://cmts.iqiyi.com/bullet/80/00/733738000_300_21.z?rn=0.815078172514849&business=danmu&is_iqiyi=true&is_video_page=true&tvid=733738000&albumid=733738000&categoryid=1&qypid=01010021010000000000
2018-05-15 11:27:45,508 DEBUG [org.pomo.fast.http.FastHttp] - 响应状态码：200
2018-05-15 11:27:45,508 DEBUG [org.pomo.fast.http.FastHttp] - 以Inflater流解析
2018-05-15 11:27:45,509 DEBUG [org.pomo.fast.file.FastFileReadWrite] - 文件读取成功！
2018-05-15 11:27:46,713 DEBUG [org.pomo.fast.http.FastHttp] - 请求地址：http://cmts.iqiyi.com/bullet/80/00/733738000_300_22.z?rn=0.4900440738861924&business=danmu&is_iqiyi=true&is_video_page=true&tvid=733738000&albumid=733738000&categoryid=1&qypid=01010021010000000000
2018-05-15 11:27:47,013 DEBUG [org.pomo.fast.http.FastHttp] - 响应状态码：200
2018-05-15 11:27:47,013 DEBUG [org.pomo.fast.http.FastHttp] - 以Inflater流解析
2018-05-15 11:27:47,014 DEBUG [org.pomo.fast.file.FastFileReadWrite] - 文件读取成功！
2018-05-15 11:27:48,244 DEBUG [org.pomo.fast.http.FastHttp] - 请求地址：http://cmts.iqiyi.com/bullet/80/00/733738000_300_23.z?rn=0.3361659989611302&business=danmu&is_iqiyi=true&is_video_page=true&tvid=733738000&albumid=733738000&categoryid=1&qypid=01010021010000000000
2018-05-15 11:27:48,558 DEBUG [org.pomo.fast.http.FastHttp] - 响应状态码：200
2018-05-15 11:27:48,558 DEBUG [org.pomo.fast.http.FastHttp] - 以Inflater流解析
2018-05-15 11:27:48,559 DEBUG [org.pomo.fast.file.FastFileReadWrite] - 文件读取成功！
2018-05-15 11:27:49,736 DEBUG [org.pomo.fast.http.FastHttp] - 请求地址：http://cmts.iqiyi.com/bullet/80/00/733738000_300_24.z?rn=0.39440515795322917&business=danmu&is_iqiyi=true&is_video_page=true&tvid=733738000&albumid=733738000&categoryid=1&qypid=01010021010000000000
2018-05-15 11:27:49,891 DEBUG [org.pomo.fast.http.FastHttp] - 响应状态码：200
2018-05-15 11:27:49,891 DEBUG [org.pomo.fast.http.FastHttp] - 以Inflater流解析
2018-05-15 11:27:49,891 DEBUG [org.pomo.fast.file.FastFileReadWrite] - 文件读取成功！
2018-05-15 11:27:50,600 DEBUG [org.pomo.fast.http.FastHttp] - 请求地址：http://cmts.iqiyi.com/bullet/80/00/733738000_300_25.z?rn=0.6421273959942135&business=danmu&is_iqiyi=true&is_video_page=true&tvid=733738000&albumid=733738000&categoryid=1&qypid=01010021010000000000
2018-05-15 11:27:50,741 DEBUG [org.pomo.fast.http.FastHttp] - 响应状态码：404
2018-05-15 11:27:50,741 WARN [org.pomo.fast.http.FastHttp] - 服务器返回错误的状态：404，请求地址：http://cmts.iqiyi.com/bullet/80/00/733738000_300_25.z?
2018-05-15 11:27:50,741 DEBUG [org.pomo.fast.http.FastHttp] - 读取错误信息失败！
java.io.FileNotFoundException: http://cmts.iqiyi.com/bullet/80/00/733738000_300_25.z?rn=0.6421273959942135&business=danmu&is_iqiyi=true&is_video_page=true&tvid=733738000&albumid=733738000&categoryid=1&qypid=01010021010000000000
	at sun.reflect.NativeConstructorAccessorImpl.newInstance0(Native Method)
	at sun.reflect.NativeConstructorAccessorImpl.newInstance(Unknown Source)
	at sun.reflect.DelegatingConstructorAccessorImpl.newInstance(Unknown Source)
	at java.lang.reflect.Constructor.newInstance(Unknown Source)
	at sun.net.www.protocol.http.HttpURLConnection$10.run(Unknown Source)
	at sun.net.www.protocol.http.HttpURLConnection$10.run(Unknown Source)
	at java.security.AccessController.doPrivileged(Native Method)
	at sun.net.www.protocol.http.HttpURLConnection.getChainedException(Unknown Source)
	at sun.net.www.protocol.http.HttpURLConnection.getInputStream0(Unknown Source)
	at sun.net.www.protocol.http.HttpURLConnection.getInputStream(Unknown Source)
	at org.pomo.fast.http.FastHttp.lambda$send$2(FastHttp.java:147)
	at org.pomo.fast.lambda.model.TryFunction.apply(TryFunction.java:15)
	at org.pomo.fast.http.FastHttp.lambda$send$0(FastHttp.java:130)
	at org.pomo.fast.lambda.model.TryBiFunction.apply(TryBiFunction.java:15)
	at org.pomo.fast.http.FastHttp.doSend(FastHttp.java:368)
	at org.pomo.fast.http.FastHttp.send(FastHttp.java:104)
	at org.pomo.fast.http.FastHttp.send(FastHttp.java:109)
	at org.pomo.fast.http.FastHttp.send(FastHttp.java:137)
	at org.pomo.fast.http.FastHttp.sendGET(FastHttp.java:188)
	at com.pomo.danmutools.base.utils.Https.lambda$get$0(Https.java:60)
	at com.pomo.danmutools.base.utils.Utils.retrySupplier(Utils.java:67)
	at com.pomo.danmutools.base.utils.Https.get(Https.java:60)
	at com.pomo.danmutools.resolver.impl.iqiyi.IQiYiSingleDanMuResolver.getDanMuResponse(IQiYiSingleDanMuResolver.java:135)
	at com.pomo.danmutools.resolver.impl.iqiyi.IQiYiSingleDanMuResolver.loadDanMuItems(IQiYiSingleDanMuResolver.java:98)
	at com.pomo.danmutools.resolver.impl.iqiyi.IQiYiSingleDanMuResolver.loadDanMuItems(IQiYiSingleDanMuResolver.java:110)
	at com.pomo.danmutools.resolver.impl.iqiyi.IQiYiSingleDanMuResolver.loadDanMuItems(IQiYiSingleDanMuResolver.java:110)
	at com.pomo.danmutools.resolver.impl.iqiyi.IQiYiSingleDanMuResolver.loadDanMuItems(IQiYiSingleDanMuResolver.java:110)
	at com.pomo.danmutools.resolver.impl.iqiyi.IQiYiSingleDanMuResolver.loadDanMuItems(IQiYiSingleDanMuResolver.java:110)
	at com.pomo.danmutools.resolver.impl.iqiyi.IQiYiSingleDanMuResolver.loadDanMuItems(IQiYiSingleDanMuResolver.java:110)
	at com.pomo.danmutools.resolver.impl.iqiyi.IQiYiSingleDanMuResolver.loadDanMuItems(IQiYiSingleDanMuResolver.java:110)
	at com.pomo.danmutools.resolver.impl.iqiyi.IQiYiSingleDanMuResolver.loadDanMuItems(IQiYiSingleDanMuResolver.java:110)
	at com.pomo.danmutools.resolver.impl.iqiyi.IQiYiSingleDanMuResolver.loadDanMuItems(IQiYiSingleDanMuResolver.java:110)
	at com.pomo.danmutools.resolver.impl.iqiyi.IQiYiSingleDanMuResolver.loadDanMuItems(IQiYiSingleDanMuResolver.java:110)
	at com.pomo.danmutools.resolver.impl.iqiyi.IQiYiSingleDanMuResolver.loadDanMuItems(IQiYiSingleDanMuResolver.java:110)
	at com.pomo.danmutools.resolver.impl.iqiyi.IQiYiSingleDanMuResolver.loadDanMuItems(IQiYiSingleDanMuResolver.java:110)
	at com.pomo.danmutools.resolver.impl.iqiyi.IQiYiSingleDanMuResolver.loadDanMuItems(IQiYiSingleDanMuResolver.java:110)
	at com.pomo.danmutools.resolver.impl.iqiyi.IQiYiSingleDanMuResolver.loadDanMuItems(IQiYiSingleDanMuResolver.java:110)
	at com.pomo.danmutools.resolver.impl.iqiyi.IQiYiSingleDanMuResolver.loadDanMuItems(IQiYiSingleDanMuResolver.java:110)
	at com.pomo.danmutools.resolver.impl.iqiyi.IQiYiSingleDanMuResolver.loadDanMuItems(IQiYiSingleDanMuResolver.java:110)
	at com.pomo.danmutools.resolver.impl.iqiyi.IQiYiSingleDanMuResolver.loadDanMuItems(IQiYiSingleDanMuResolver.java:110)
	at com.pomo.danmutools.resolver.impl.iqiyi.IQiYiSingleDanMuResolver.loadDanMuItems(IQiYiSingleDanMuResolver.java:110)
	at com.pomo.danmutools.resolver.impl.iqiyi.IQiYiSingleDanMuResolver.loadDanMuItems(IQiYiSingleDanMuResolver.java:110)
	at com.pomo.danmutools.resolver.impl.iqiyi.IQiYiSingleDanMuResolver.loadDanMuItems(IQiYiSingleDanMuResolver.java:110)
	at com.pomo.danmutools.resolver.impl.iqiyi.IQiYiSingleDanMuResolver.loadDanMuItems(IQiYiSingleDanMuResolver.java:110)
	at com.pomo.danmutools.resolver.impl.iqiyi.IQiYiSingleDanMuResolver.loadDanMuItems(IQiYiSingleDanMuResolver.java:110)
	at com.pomo.danmutools.resolver.impl.iqiyi.IQiYiSingleDanMuResolver.loadDanMuItems(IQiYiSingleDanMuResolver.java:110)
	at com.pomo.danmutools.resolver.impl.iqiyi.IQiYiSingleDanMuResolver.loadDanMuItems(IQiYiSingleDanMuResolver.java:110)
	at com.pomo.danmutools.resolver.impl.iqiyi.IQiYiSingleDanMuResolver.loadDanMuItems(IQiYiSingleDanMuResolver.java:110)
	at com.pomo.danmutools.resolver.impl.iqiyi.IQiYiSingleDanMuResolver.getDanMuItems(IQiYiSingleDanMuResolver.java:90)
	at com.pomo.danmutools.resolver.impl.iqiyi.IQiYiSingleDanMuResolver.lambda$resolver$0(IQiYiSingleDanMuResolver.java:64)
	at org.pomo.fast.lambda.model.TrySupplier.get(TrySupplier.java:15)
	at com.pomo.danmutools.resolver.api.impl.AbstractSupplierDanMuGenerator.lambda$new$0(AbstractSupplierDanMuGenerator.java:24)
	at org.pomo.fast.freemarker.FastFreemarker.born(FastFreemarker.java:233)
	at org.pomo.fast.freemarker.FastFreemarker.born(FastFreemarker.java:158)
	at com.pomo.danmutools.resolver.api.impl.SupplierDanMuGenerator.doExecute(SupplierDanMuGenerator.java:31)
	at com.pomo.danmutools.resolver.api.impl.AbstractSupplierDanMuGenerator.doExecute(AbstractSupplierDanMuGenerator.java:30)
	at com.pomo.danmutools.resolver.api.impl.AbstractDanMuGenerator.execute(AbstractDanMuGenerator.java:26)
	at com.pomo.danmutools.core.DanMuDownloader.downloadByUrl(DanMuDownloader.java:67)
	at com.pomo.danmutools.core.DanMuDownloader.download(DanMuDownloader.java:100)
	at com.pomo.danmutools.cmd.Downloader.execute(Downloader.java:24)
	at org.pomo.easy.struct.base.Executor.exec(Executor.java:42)
	at com.pomo.danmutools.cmd.App.main(App.java:16)
Caused by: java.io.FileNotFoundException: http://cmts.iqiyi.com/bullet/80/00/733738000_300_25.z?rn=0.6421273959942135&business=danmu&is_iqiyi=true&is_video_page=true&tvid=733738000&albumid=733738000&categoryid=1&qypid=01010021010000000000
	at sun.net.www.protocol.http.HttpURLConnection.getInputStream0(Unknown Source)
	at sun.net.www.protocol.http.HttpURLConnection.getInputStream(Unknown Source)
	at java.net.HttpURLConnection.getResponseCode(Unknown Source)
	at org.pomo.fast.http.FastHttp.lambda$send$0(FastHttp.java:111)
	... 49 more
2018-05-15 11:27:50,744 WARN [org.pomo.fast.http.FastHttp] - 请求失败！状态码：404，错误信息：Not Found，错误内容：null
2018-05-15 11:27:50,744 DEBUG [com.pomo.danmutools.base.utils.Utils] - 执行操作时发生异常!
UnexpectedResponseException(code=404, massage=Not Found, content=null)
	at org.pomo.fast.http.FastHttp.lambda$send$2(FastHttp.java:158)
	at org.pomo.fast.lambda.model.TryFunction.apply(TryFunction.java:15)
	at org.pomo.fast.http.FastHttp.lambda$send$0(FastHttp.java:130)
	at org.pomo.fast.lambda.model.TryBiFunction.apply(TryBiFunction.java:15)
	at org.pomo.fast.http.FastHttp.doSend(FastHttp.java:368)
	at org.pomo.fast.http.FastHttp.send(FastHttp.java:104)
	at org.pomo.fast.http.FastHttp.send(FastHttp.java:109)
	at org.pomo.fast.http.FastHttp.send(FastHttp.java:137)
	at org.pomo.fast.http.FastHttp.sendGET(FastHttp.java:188)
	at com.pomo.danmutools.base.utils.Https.lambda$get$0(Https.java:60)
	at com.pomo.danmutools.base.utils.Utils.retrySupplier(Utils.java:67)
	at com.pomo.danmutools.base.utils.Https.get(Https.java:60)
	at com.pomo.danmutools.resolver.impl.iqiyi.IQiYiSingleDanMuResolver.getDanMuResponse(IQiYiSingleDanMuResolver.java:135)
	at com.pomo.danmutools.resolver.impl.iqiyi.IQiYiSingleDanMuResolver.loadDanMuItems(IQiYiSingleDanMuResolver.java:98)
	at com.pomo.danmutools.resolver.impl.iqiyi.IQiYiSingleDanMuResolver.loadDanMuItems(IQiYiSingleDanMuResolver.java:110)
	at com.pomo.danmutools.resolver.impl.iqiyi.IQiYiSingleDanMuResolver.loadDanMuItems(IQiYiSingleDanMuResolver.java:110)
	at com.pomo.danmutools.resolver.impl.iqiyi.IQiYiSingleDanMuResolver.loadDanMuItems(IQiYiSingleDanMuResolver.java:110)
	at com.pomo.danmutools.resolver.impl.iqiyi.IQiYiSingleDanMuResolver.loadDanMuItems(IQiYiSingleDanMuResolver.java:110)
	at com.pomo.danmutools.resolver.impl.iqiyi.IQiYiSingleDanMuResolver.loadDanMuItems(IQiYiSingleDanMuResolver.java:110)
	at com.pomo.danmutools.resolver.impl.iqiyi.IQiYiSingleDanMuResolver.loadDanMuItems(IQiYiSingleDanMuResolver.java:110)
	at com.pomo.danmutools.resolver.impl.iqiyi.IQiYiSingleDanMuResolver.loadDanMuItems(IQiYiSingleDanMuResolver.java:110)
	at com.pomo.danmutools.resolver.impl.iqiyi.IQiYiSingleDanMuResolver.loadDanMuItems(IQiYiSingleDanMuResolver.java:110)
	at com.pomo.danmutools.resolver.impl.iqiyi.IQiYiSingleDanMuResolver.loadDanMuItems(IQiYiSingleDanMuResolver.java:110)
	at com.pomo.danmutools.resolver.impl.iqiyi.IQiYiSingleDanMuResolver.loadDanMuItems(IQiYiSingleDanMuResolver.java:110)
	at com.pomo.danmutools.resolver.impl.iqiyi.IQiYiSingleDanMuResolver.loadDanMuItems(IQiYiSingleDanMuResolver.java:110)
	at com.pomo.danmutools.resolver.impl.iqiyi.IQiYiSingleDanMuResolver.loadDanMuItems(IQiYiSingleDanMuResolver.java:110)
	at com.pomo.danmutools.resolver.impl.iqiyi.IQiYiSingleDanMuResolver.loadDanMuItems(IQiYiSingleDanMuResolver.java:110)
	at com.pomo.danmutools.resolver.impl.iqiyi.IQiYiSingleDanMuResolver.loadDanMuItems(IQiYiSingleDanMuResolver.java:110)
	at com.pomo.danmutools.resolver.impl.iqiyi.IQiYiSingleDanMuResolver.loadDanMuItems(IQiYiSingleDanMuResolver.java:110)
	at com.pomo.danmutools.resolver.impl.iqiyi.IQiYiSingleDanMuResolver.loadDanMuItems(IQiYiSingleDanMuResolver.java:110)
	at com.pomo.danmutools.resolver.impl.iqiyi.IQiYiSingleDanMuResolver.loadDanMuItems(IQiYiSingleDanMuResolver.java:110)
	at com.pomo.danmutools.resolver.impl.iqiyi.IQiYiSingleDanMuResolver.loadDanMuItems(IQiYiSingleDanMuResolver.java:110)
	at com.pomo.danmutools.resolver.impl.iqiyi.IQiYiSingleDanMuResolver.loadDanMuItems(IQiYiSingleDanMuResolver.java:110)
	at com.pomo.danmutools.resolver.impl.iqiyi.IQiYiSingleDanMuResolver.loadDanMuItems(IQiYiSingleDanMuResolver.java:110)
	at com.pomo.danmutools.resolver.impl.iqiyi.IQiYiSingleDanMuResolver.loadDanMuItems(IQiYiSingleDanMuResolver.java:110)
	at com.pomo.danmutools.resolver.impl.iqiyi.IQiYiSingleDanMuResolver.loadDanMuItems(IQiYiSingleDanMuResolver.java:110)
	at com.pomo.danmutools.resolver.impl.iqiyi.IQiYiSingleDanMuResolver.loadDanMuItems(IQiYiSingleDanMuResolver.java:110)
	at com.pomo.danmutools.resolver.impl.iqiyi.IQiYiSingleDanMuResolver.loadDanMuItems(IQiYiSingleDanMuResolver.java:110)
	at com.pomo.danmutools.resolver.impl.iqiyi.IQiYiSingleDanMuResolver.getDanMuItems(IQiYiSingleDanMuResolver.java:90)
	at com.pomo.danmutools.resolver.impl.iqiyi.IQiYiSingleDanMuResolver.lambda$resolver$0(IQiYiSingleDanMuResolver.java:64)
	at org.pomo.fast.lambda.model.TrySupplier.get(TrySupplier.java:15)
	at com.pomo.danmutools.resolver.api.impl.AbstractSupplierDanMuGenerator.lambda$new$0(AbstractSupplierDanMuGenerator.java:24)
	at org.pomo.fast.freemarker.FastFreemarker.born(FastFreemarker.java:233)
	at org.pomo.fast.freemarker.FastFreemarker.born(FastFreemarker.java:158)
	at com.pomo.danmutools.resolver.api.impl.SupplierDanMuGenerator.doExecute(SupplierDanMuGenerator.java:31)
	at com.pomo.danmutools.resolver.api.impl.AbstractSupplierDanMuGenerator.doExecute(AbstractSupplierDanMuGenerator.java:30)
	at com.pomo.danmutools.resolver.api.impl.AbstractDanMuGenerator.execute(AbstractDanMuGenerator.java:26)
	at com.pomo.danmutools.core.DanMuDownloader.downloadByUrl(DanMuDownloader.java:67)
	at com.pomo.danmutools.core.DanMuDownloader.download(DanMuDownloader.java:100)
	at com.pomo.danmutools.cmd.Downloader.execute(Downloader.java:24)
	at org.pomo.easy.struct.base.Executor.exec(Executor.java:42)
	at com.pomo.danmutools.cmd.App.main(App.java:16)
2018-05-15 11:27:51,932 DEBUG [org.pomo.fast.http.FastHttp] - 请求地址：http://cmts.iqiyi.com/bullet/80/00/733738000_300_26.z?rn=0.8325556482547334&business=danmu&is_iqiyi=true&is_video_page=true&tvid=733738000&albumid=733738000&categoryid=1&qypid=01010021010000000000
2018-05-15 11:27:52,076 DEBUG [org.pomo.fast.http.FastHttp] - 响应状态码：404
2018-05-15 11:27:52,076 WARN [org.pomo.fast.http.FastHttp] - 服务器返回错误的状态：404，请求地址：http://cmts.iqiyi.com/bullet/80/00/733738000_300_26.z?
2018-05-15 11:27:52,076 DEBUG [org.pomo.fast.http.FastHttp] - 读取错误信息失败！
java.io.FileNotFoundException: http://cmts.iqiyi.com/bullet/80/00/733738000_300_26.z?rn=0.8325556482547334&business=danmu&is_iqiyi=true&is_video_page=true&tvid=733738000&albumid=733738000&categoryid=1&qypid=01010021010000000000
	at sun.reflect.NativeConstructorAccessorImpl.newInstance0(Native Method)
	at sun.reflect.NativeConstructorAccessorImpl.newInstance(Unknown Source)
	at sun.reflect.DelegatingConstructorAccessorImpl.newInstance(Unknown Source)
	at java.lang.reflect.Constructor.newInstance(Unknown Source)
	at sun.net.www.protocol.http.HttpURLConnection$10.run(Unknown Source)
	at sun.net.www.protocol.http.HttpURLConnection$10.run(Unknown Source)
	at java.security.AccessController.doPrivileged(Native Method)
	at sun.net.www.protocol.http.HttpURLConnection.getChainedException(Unknown Source)
	at sun.net.www.protocol.http.HttpURLConnection.getInputStream0(Unknown Source)
	at sun.net.www.protocol.http.HttpURLConnection.getInputStream(Unknown Source)
	at org.pomo.fast.http.FastHttp.lambda$send$2(FastHttp.java:147)
	at org.pomo.fast.lambda.model.TryFunction.apply(TryFunction.java:15)
	at org.pomo.fast.http.FastHttp.lambda$send$0(FastHttp.java:130)
	at org.pomo.fast.lambda.model.TryBiFunction.apply(TryBiFunction.java:15)
	at org.pomo.fast.http.FastHttp.doSend(FastHttp.java:368)
	at org.pomo.fast.http.FastHttp.send(FastHttp.java:104)
	at org.pomo.fast.http.FastHttp.send(FastHttp.java:109)
	at org.pomo.fast.http.FastHttp.send(FastHttp.java:137)
	at org.pomo.fast.http.FastHttp.sendGET(FastHttp.java:188)
	at com.pomo.danmutools.base.utils.Https.lambda$get$0(Https.java:60)
	at com.pomo.danmutools.base.utils.Utils.retrySupplier(Utils.java:67)
	at com.pomo.danmutools.base.utils.Https.get(Https.java:60)
	at com.pomo.danmutools.resolver.impl.iqiyi.IQiYiSingleDanMuResolver.getDanMuResponse(IQiYiSingleDanMuResolver.java:135)
	at com.pomo.danmutools.resolver.impl.iqiyi.IQiYiSingleDanMuResolver.loadDanMuItems(IQiYiSingleDanMuResolver.java:98)
	at com.pomo.danmutools.resolver.impl.iqiyi.IQiYiSingleDanMuResolver.loadDanMuItems(IQiYiSingleDanMuResolver.java:110)
	at com.pomo.danmutools.resolver.impl.iqiyi.IQiYiSingleDanMuResolver.loadDanMuItems(IQiYiSingleDanMuResolver.java:110)
	at com.pomo.danmutools.resolver.impl.iqiyi.IQiYiSingleDanMuResolver.loadDanMuItems(IQiYiSingleDanMuResolver.java:110)
	at com.pomo.danmutools.resolver.impl.iqiyi.IQiYiSingleDanMuResolver.loadDanMuItems(IQiYiSingleDanMuResolver.java:110)
	at com.pomo.danmutools.resolver.impl.iqiyi.IQiYiSingleDanMuResolver.loadDanMuItems(IQiYiSingleDanMuResolver.java:110)
	at com.pomo.danmutools.resolver.impl.iqiyi.IQiYiSingleDanMuResolver.loadDanMuItems(IQiYiSingleDanMuResolver.java:110)
	at com.pomo.danmutools.resolver.impl.iqiyi.IQiYiSingleDanMuResolver.loadDanMuItems(IQiYiSingleDanMuResolver.java:110)
	at com.pomo.danmutools.resolver.impl.iqiyi.IQiYiSingleDanMuResolver.loadDanMuItems(IQiYiSingleDanMuResolver.java:110)
	at com.pomo.danmutools.resolver.impl.iqiyi.IQiYiSingleDanMuResolver.loadDanMuItems(IQiYiSingleDanMuResolver.java:110)
	at com.pomo.danmutools.resolver.impl.iqiyi.IQiYiSingleDanMuResolver.loadDanMuItems(IQiYiSingleDanMuResolver.java:110)
	at com.pomo.danmutools.resolver.impl.iqiyi.IQiYiSingleDanMuResolver.loadDanMuItems(IQiYiSingleDanMuResolver.java:110)
	at com.pomo.danmutools.resolver.impl.iqiyi.IQiYiSingleDanMuResolver.loadDanMuItems(IQiYiSingleDanMuResolver.java:110)
	at com.pomo.danmutools.resolver.impl.iqiyi.IQiYiSingleDanMuResolver.loadDanMuItems(IQiYiSingleDanMuResolver.java:110)
	at com.pomo.danmutools.resolver.impl.iqiyi.IQiYiSingleDanMuResolver.loadDanMuItems(IQiYiSingleDanMuResolver.java:110)
	at com.pomo.danmutools.resolver.impl.iqiyi.IQiYiSingleDanMuResolver.loadDanMuItems(IQiYiSingleDanMuResolver.java:110)
	at com.pomo.danmutools.resolver.impl.iqiyi.IQiYiSingleDanMuResolver.loadDanMuItems(IQiYiSingleDanMuResolver.java:110)
	at com.pomo.danmutools.resolver.impl.iqiyi.IQiYiSingleDanMuResolver.loadDanMuItems(IQiYiSingleDanMuResolver.java:110)
	at com.pomo.danmutools.resolver.impl.iqiyi.IQiYiSingleDanMuResolver.loadDanMuItems(IQiYiSingleDanMuResolver.java:110)
	at com.pomo.danmutools.resolver.impl.iqiyi.IQiYiSingleDanMuResolver.loadDanMuItems(IQiYiSingleDanMuResolver.java:110)
	at com.pomo.danmutools.resolver.impl.iqiyi.IQiYiSingleDanMuResolver.loadDanMuItems(IQiYiSingleDanMuResolver.java:110)
	at com.pomo.danmutools.resolver.impl.iqiyi.IQiYiSingleDanMuResolver.loadDanMuItems(IQiYiSingleDanMuResolver.java:110)
	at com.pomo.danmutools.resolver.impl.iqiyi.IQiYiSingleDanMuResolver.loadDanMuItems(IQiYiSingleDanMuResolver.java:110)
	at com.pomo.danmutools.resolver.impl.iqiyi.IQiYiSingleDanMuResolver.loadDanMuItems(IQiYiSingleDanMuResolver.java:110)
	at com.pomo.danmutools.resolver.impl.iqiyi.IQiYiSingleDanMuResolver.loadDanMuItems(IQiYiSingleDanMuResolver.java:110)
	at com.pomo.danmutools.resolver.impl.iqiyi.IQiYiSingleDanMuResolver.loadDanMuItems(IQiYiSingleDanMuResolver.java:110)
	at com.pomo.danmutools.resolver.impl.iqiyi.IQiYiSingleDanMuResolver.getDanMuItems(IQiYiSingleDanMuResolver.java:90)
	at com.pomo.danmutools.resolver.impl.iqiyi.IQiYiSingleDanMuResolver.lambda$resolver$0(IQiYiSingleDanMuResolver.java:64)
	at org.pomo.fast.lambda.model.TrySupplier.get(TrySupplier.java:15)
	at com.pomo.danmutools.resolver.api.impl.AbstractSupplierDanMuGenerator.lambda$new$0(AbstractSupplierDanMuGenerator.java:24)
	at org.pomo.fast.freemarker.FastFreemarker.born(FastFreemarker.java:233)
	at org.pomo.fast.freemarker.FastFreemarker.born(FastFreemarker.java:158)
	at com.pomo.danmutools.resolver.api.impl.SupplierDanMuGenerator.doExecute(SupplierDanMuGenerator.java:31)
	at com.pomo.danmutools.resolver.api.impl.AbstractSupplierDanMuGenerator.doExecute(AbstractSupplierDanMuGenerator.java:30)
	at com.pomo.danmutools.resolver.api.impl.AbstractDanMuGenerator.execute(AbstractDanMuGenerator.java:26)
	at com.pomo.danmutools.core.DanMuDownloader.downloadByUrl(DanMuDownloader.java:67)
	at com.pomo.danmutools.core.DanMuDownloader.download(DanMuDownloader.java:100)
	at com.pomo.danmutools.cmd.Downloader.execute(Downloader.java:24)
	at org.pomo.easy.struct.base.Executor.exec(Executor.java:42)
	at com.pomo.danmutools.cmd.App.main(App.java:16)
Caused by: java.io.FileNotFoundException: http://cmts.iqiyi.com/bullet/80/00/733738000_300_26.z?rn=0.8325556482547334&business=danmu&is_iqiyi=true&is_video_page=true&tvid=733738000&albumid=733738000&categoryid=1&qypid=01010021010000000000
	at sun.net.www.protocol.http.HttpURLConnection.getInputStream0(Unknown Source)
	at sun.net.www.protocol.http.HttpURLConnection.getInputStream(Unknown Source)
	at java.net.HttpURLConnection.getResponseCode(Unknown Source)
	at org.pomo.fast.http.FastHttp.lambda$send$0(FastHttp.java:111)
	... 50 more
2018-05-15 11:27:52,077 WARN [org.pomo.fast.http.FastHttp] - 请求失败！状态码：404，错误信息：Not Found，错误内容：null
2018-05-15 11:27:52,077 DEBUG [com.pomo.danmutools.base.utils.Utils] - 执行操作时发生异常!
UnexpectedResponseException(code=404, massage=Not Found, content=null)
	at org.pomo.fast.http.FastHttp.lambda$send$2(FastHttp.java:158)
	at org.pomo.fast.lambda.model.TryFunction.apply(TryFunction.java:15)
	at org.pomo.fast.http.FastHttp.lambda$send$0(FastHttp.java:130)
	at org.pomo.fast.lambda.model.TryBiFunction.apply(TryBiFunction.java:15)
	at org.pomo.fast.http.FastHttp.doSend(FastHttp.java:368)
	at org.pomo.fast.http.FastHttp.send(FastHttp.java:104)
	at org.pomo.fast.http.FastHttp.send(FastHttp.java:109)
	at org.pomo.fast.http.FastHttp.send(FastHttp.java:137)
	at org.pomo.fast.http.FastHttp.sendGET(FastHttp.java:188)
	at com.pomo.danmutools.base.utils.Https.lambda$get$0(Https.java:60)
	at com.pomo.danmutools.base.utils.Utils.retrySupplier(Utils.java:67)
	at com.pomo.danmutools.base.utils.Https.get(Https.java:60)
	at com.pomo.danmutools.resolver.impl.iqiyi.IQiYiSingleDanMuResolver.getDanMuResponse(IQiYiSingleDanMuResolver.java:135)
	at com.pomo.danmutools.resolver.impl.iqiyi.IQiYiSingleDanMuResolver.loadDanMuItems(IQiYiSingleDanMuResolver.java:98)
	at com.pomo.danmutools.resolver.impl.iqiyi.IQiYiSingleDanMuResolver.loadDanMuItems(IQiYiSingleDanMuResolver.java:110)
	at com.pomo.danmutools.resolver.impl.iqiyi.IQiYiSingleDanMuResolver.loadDanMuItems(IQiYiSingleDanMuResolver.java:110)
	at com.pomo.danmutools.resolver.impl.iqiyi.IQiYiSingleDanMuResolver.loadDanMuItems(IQiYiSingleDanMuResolver.java:110)
	at com.pomo.danmutools.resolver.impl.iqiyi.IQiYiSingleDanMuResolver.loadDanMuItems(IQiYiSingleDanMuResolver.java:110)
	at com.pomo.danmutools.resolver.impl.iqiyi.IQiYiSingleDanMuResolver.loadDanMuItems(IQiYiSingleDanMuResolver.java:110)
	at com.pomo.danmutools.resolver.impl.iqiyi.IQiYiSingleDanMuResolver.loadDanMuItems(IQiYiSingleDanMuResolver.java:110)
	at com.pomo.danmutools.resolver.impl.iqiyi.IQiYiSingleDanMuResolver.loadDanMuItems(IQiYiSingleDanMuResolver.java:110)
	at com.pomo.danmutools.resolver.impl.iqiyi.IQiYiSingleDanMuResolver.loadDanMuItems(IQiYiSingleDanMuResolver.java:110)
	at com.pomo.danmutools.resolver.impl.iqiyi.IQiYiSingleDanMuResolver.loadDanMuItems(IQiYiSingleDanMuResolver.java:110)
	at com.pomo.danmutools.resolver.impl.iqiyi.IQiYiSingleDanMuResolver.loadDanMuItems(IQiYiSingleDanMuResolver.java:110)
	at com.pomo.danmutools.resolver.impl.iqiyi.IQiYiSingleDanMuResolver.loadDanMuItems(IQiYiSingleDanMuResolver.java:110)
	at com.pomo.danmutools.resolver.impl.iqiyi.IQiYiSingleDanMuResolver.loadDanMuItems(IQiYiSingleDanMuResolver.java:110)
	at com.pomo.danmutools.resolver.impl.iqiyi.IQiYiSingleDanMuResolver.loadDanMuItems(IQiYiSingleDanMuResolver.java:110)
	at com.pomo.danmutools.resolver.impl.iqiyi.IQiYiSingleDanMuResolver.loadDanMuItems(IQiYiSingleDanMuResolver.java:110)
	at com.pomo.danmutools.resolver.impl.iqiyi.IQiYiSingleDanMuResolver.loadDanMuItems(IQiYiSingleDanMuResolver.java:110)
	at com.pomo.danmutools.resolver.impl.iqiyi.IQiYiSingleDanMuResolver.loadDanMuItems(IQiYiSingleDanMuResolver.java:110)
	at com.pomo.danmutools.resolver.impl.iqiyi.IQiYiSingleDanMuResolver.loadDanMuItems(IQiYiSingleDanMuResolver.java:110)
	at com.pomo.danmutools.resolver.impl.iqiyi.IQiYiSingleDanMuResolver.loadDanMuItems(IQiYiSingleDanMuResolver.java:110)
	at com.pomo.danmutools.resolver.impl.iqiyi.IQiYiSingleDanMuResolver.loadDanMuItems(IQiYiSingleDanMuResolver.java:110)
	at com.pomo.danmutools.resolver.impl.iqiyi.IQiYiSingleDanMuResolver.loadDanMuItems(IQiYiSingleDanMuResolver.java:110)
	at com.pomo.danmutools.resolver.impl.iqiyi.IQiYiSingleDanMuResolver.loadDanMuItems(IQiYiSingleDanMuResolver.java:110)
	at com.pomo.danmutools.resolver.impl.iqiyi.IQiYiSingleDanMuResolver.loadDanMuItems(IQiYiSingleDanMuResolver.java:110)
	at com.pomo.danmutools.resolver.impl.iqiyi.IQiYiSingleDanMuResolver.loadDanMuItems(IQiYiSingleDanMuResolver.java:110)
	at com.pomo.danmutools.resolver.impl.iqiyi.IQiYiSingleDanMuResolver.loadDanMuItems(IQiYiSingleDanMuResolver.java:110)
	at com.pomo.danmutools.resolver.impl.iqiyi.IQiYiSingleDanMuResolver.loadDanMuItems(IQiYiSingleDanMuResolver.java:110)
	at com.pomo.danmutools.resolver.impl.iqiyi.IQiYiSingleDanMuResolver.getDanMuItems(IQiYiSingleDanMuResolver.java:90)
	at com.pomo.danmutools.resolver.impl.iqiyi.IQiYiSingleDanMuResolver.lambda$resolver$0(IQiYiSingleDanMuResolver.java:64)
	at org.pomo.fast.lambda.model.TrySupplier.get(TrySupplier.java:15)
	at com.pomo.danmutools.resolver.api.impl.AbstractSupplierDanMuGenerator.lambda$new$0(AbstractSupplierDanMuGenerator.java:24)
	at org.pomo.fast.freemarker.FastFreemarker.born(FastFreemarker.java:233)
	at org.pomo.fast.freemarker.FastFreemarker.born(FastFreemarker.java:158)
	at com.pomo.danmutools.resolver.api.impl.SupplierDanMuGenerator.doExecute(SupplierDanMuGenerator.java:31)
	at com.pomo.danmutools.resolver.api.impl.AbstractSupplierDanMuGenerator.doExecute(AbstractSupplierDanMuGenerator.java:30)
	at com.pomo.danmutools.resolver.api.impl.AbstractDanMuGenerator.execute(AbstractDanMuGenerator.java:26)
	at com.pomo.danmutools.core.DanMuDownloader.downloadByUrl(DanMuDownloader.java:67)
	at com.pomo.danmutools.core.DanMuDownloader.download(DanMuDownloader.java:100)
	at com.pomo.danmutools.cmd.Downloader.execute(Downloader.java:24)
	at org.pomo.easy.struct.base.Executor.exec(Executor.java:42)
	at com.pomo.danmutools.cmd.App.main(App.java:16)
2018-05-15 11:27:52,841 DEBUG [org.pomo.fast.http.FastHttp] - 请求地址：http://cmts.iqiyi.com/bullet/80/00/733738000_300_27.z?rn=0.3706617657932365&business=danmu&is_iqiyi=true&is_video_page=true&tvid=733738000&albumid=733738000&categoryid=1&qypid=01010021010000000000
2018-05-15 11:27:52,982 DEBUG [org.pomo.fast.http.FastHttp] - 响应状态码：404
2018-05-15 11:27:52,982 WARN [org.pomo.fast.http.FastHttp] - 服务器返回错误的状态：404，请求地址：http://cmts.iqiyi.com/bullet/80/00/733738000_300_27.z?
2018-05-15 11:27:52,982 DEBUG [org.pomo.fast.http.FastHttp] - 读取错误信息失败！
java.io.FileNotFoundException: http://cmts.iqiyi.com/bullet/80/00/733738000_300_27.z?rn=0.3706617657932365&business=danmu&is_iqiyi=true&is_video_page=true&tvid=733738000&albumid=733738000&categoryid=1&qypid=01010021010000000000
	at sun.reflect.NativeConstructorAccessorImpl.newInstance0(Native Method)
	at sun.reflect.NativeConstructorAccessorImpl.newInstance(Unknown Source)
	at sun.reflect.DelegatingConstructorAccessorImpl.newInstance(Unknown Source)
	at java.lang.reflect.Constructor.newInstance(Unknown Source)
	at sun.net.www.protocol.http.HttpURLConnection$10.run(Unknown Source)
	at sun.net.www.protocol.http.HttpURLConnection$10.run(Unknown Source)
	at java.security.AccessController.doPrivileged(Native Method)
	at sun.net.www.protocol.http.HttpURLConnection.getChainedException(Unknown Source)
	at sun.net.www.protocol.http.HttpURLConnection.getInputStream0(Unknown Source)
	at sun.net.www.protocol.http.HttpURLConnection.getInputStream(Unknown Source)
	at org.pomo.fast.http.FastHttp.lambda$send$2(FastHttp.java:147)
	at org.pomo.fast.lambda.model.TryFunction.apply(TryFunction.java:15)
	at org.pomo.fast.http.FastHttp.lambda$send$0(FastHttp.java:130)
	at org.pomo.fast.lambda.model.TryBiFunction.apply(TryBiFunction.java:15)
	at org.pomo.fast.http.FastHttp.doSend(FastHttp.java:368)
	at org.pomo.fast.http.FastHttp.send(FastHttp.java:104)
	at org.pomo.fast.http.FastHttp.send(FastHttp.java:109)
	at org.pomo.fast.http.FastHttp.send(FastHttp.java:137)
	at org.pomo.fast.http.FastHttp.sendGET(FastHttp.java:188)
	at com.pomo.danmutools.base.utils.Https.lambda$get$0(Https.java:60)
	at com.pomo.danmutools.base.utils.Utils.retrySupplier(Utils.java:67)
	at com.pomo.danmutools.base.utils.Https.get(Https.java:60)
	at com.pomo.danmutools.resolver.impl.iqiyi.IQiYiSingleDanMuResolver.getDanMuResponse(IQiYiSingleDanMuResolver.java:135)
	at com.pomo.danmutools.resolver.impl.iqiyi.IQiYiSingleDanMuResolver.loadDanMuItems(IQiYiSingleDanMuResolver.java:98)
	at com.pomo.danmutools.resolver.impl.iqiyi.IQiYiSingleDanMuResolver.loadDanMuItems(IQiYiSingleDanMuResolver.java:110)
	at com.pomo.danmutools.resolver.impl.iqiyi.IQiYiSingleDanMuResolver.loadDanMuItems(IQiYiSingleDanMuResolver.java:110)
	at com.pomo.danmutools.resolver.impl.iqiyi.IQiYiSingleDanMuResolver.loadDanMuItems(IQiYiSingleDanMuResolver.java:110)
	at com.pomo.danmutools.resolver.impl.iqiyi.IQiYiSingleDanMuResolver.loadDanMuItems(IQiYiSingleDanMuResolver.java:110)
	at com.pomo.danmutools.resolver.impl.iqiyi.IQiYiSingleDanMuResolver.loadDanMuItems(IQiYiSingleDanMuResolver.java:110)
	at com.pomo.danmutools.resolver.impl.iqiyi.IQiYiSingleDanMuResolver.loadDanMuItems(IQiYiSingleDanMuResolver.java:110)
	at com.pomo.danmutools.resolver.impl.iqiyi.IQiYiSingleDanMuResolver.loadDanMuItems(IQiYiSingleDanMuResolver.java:110)
	at com.pomo.danmutools.resolver.impl.iqiyi.IQiYiSingleDanMuResolver.loadDanMuItems(IQiYiSingleDanMuResolver.java:110)
	at com.pomo.danmutools.resolver.impl.iqiyi.IQiYiSingleDanMuResolver.loadDanMuItems(IQiYiSingleDanMuResolver.java:110)
	at com.pomo.danmutools.resolver.impl.iqiyi.IQiYiSingleDanMuResolver.loadDanMuItems(IQiYiSingleDanMuResolver.java:110)
	at com.pomo.danmutools.resolver.impl.iqiyi.IQiYiSingleDanMuResolver.loadDanMuItems(IQiYiSingleDanMuResolver.java:110)
	at com.pomo.danmutools.resolver.impl.iqiyi.IQiYiSingleDanMuResolver.loadDanMuItems(IQiYiSingleDanMuResolver.java:110)
	at com.pomo.danmutools.resolver.impl.iqiyi.IQiYiSingleDanMuResolver.loadDanMuItems(IQiYiSingleDanMuResolver.java:110)
	at com.pomo.danmutools.resolver.impl.iqiyi.IQiYiSingleDanMuResolver.loadDanMuItems(IQiYiSingleDanMuResolver.java:110)
	at com.pomo.danmutools.resolver.impl.iqiyi.IQiYiSingleDanMuResolver.loadDanMuItems(IQiYiSingleDanMuResolver.java:110)
	at com.pomo.danmutools.resolver.impl.iqiyi.IQiYiSingleDanMuResolver.loadDanMuItems(IQiYiSingleDanMuResolver.java:110)
	at com.pomo.danmutools.resolver.impl.iqiyi.IQiYiSingleDanMuResolver.loadDanMuItems(IQiYiSingleDanMuResolver.java:110)
	at com.pomo.danmutools.resolver.impl.iqiyi.IQiYiSingleDanMuResolver.loadDanMuItems(IQiYiSingleDanMuResolver.java:110)
	at com.pomo.danmutools.resolver.impl.iqiyi.IQiYiSingleDanMuResolver.loadDanMuItems(IQiYiSingleDanMuResolver.java:110)
	at com.pomo.danmutools.resolver.impl.iqiyi.IQiYiSingleDanMuResolver.loadDanMuItems(IQiYiSingleDanMuResolver.java:110)
	at com.pomo.danmutools.resolver.impl.iqiyi.IQiYiSingleDanMuResolver.loadDanMuItems(IQiYiSingleDanMuResolver.java:110)
	at com.pomo.danmutools.resolver.impl.iqiyi.IQiYiSingleDanMuResolver.loadDanMuItems(IQiYiSingleDanMuResolver.java:110)
	at com.pomo.danmutools.resolver.impl.iqiyi.IQiYiSingleDanMuResolver.loadDanMuItems(IQiYiSingleDanMuResolver.java:110)
	at com.pomo.danmutools.resolver.impl.iqiyi.IQiYiSingleDanMuResolver.loadDanMuItems(IQiYiSingleDanMuResolver.java:110)
	at com.pomo.danmutools.resolver.impl.iqiyi.IQiYiSingleDanMuResolver.loadDanMuItems(IQiYiSingleDanMuResolver.java:110)
	at com.pomo.danmutools.resolver.impl.iqiyi.IQiYiSingleDanMuResolver.loadDanMuItems(IQiYiSingleDanMuResolver.java:110)
	at com.pomo.danmutools.resolver.impl.iqiyi.IQiYiSingleDanMuResolver.getDanMuItems(IQiYiSingleDanMuResolver.java:90)
	at com.pomo.danmutools.resolver.impl.iqiyi.IQiYiSingleDanMuResolver.lambda$resolver$0(IQiYiSingleDanMuResolver.java:64)
	at org.pomo.fast.lambda.model.TrySupplier.get(TrySupplier.java:15)
	at com.pomo.danmutools.resolver.api.impl.AbstractSupplierDanMuGenerator.lambda$new$0(AbstractSupplierDanMuGenerator.java:24)
	at org.pomo.fast.freemarker.FastFreemarker.born(FastFreemarker.java:233)
	at org.pomo.fast.freemarker.FastFreemarker.born(FastFreemarker.java:158)
	at com.pomo.danmutools.resolver.api.impl.SupplierDanMuGenerator.doExecute(SupplierDanMuGenerator.java:31)
	at com.pomo.danmutools.resolver.api.impl.AbstractSupplierDanMuGenerator.doExecute(AbstractSupplierDanMuGenerator.java:30)
	at com.pomo.danmutools.resolver.api.impl.AbstractDanMuGenerator.execute(AbstractDanMuGenerator.java:26)
	at com.pomo.danmutools.core.DanMuDownloader.downloadByUrl(DanMuDownloader.java:67)
	at com.pomo.danmutools.core.DanMuDownloader.download(DanMuDownloader.java:100)
	at com.pomo.danmutools.cmd.Downloader.execute(Downloader.java:24)
	at org.pomo.easy.struct.base.Executor.exec(Executor.java:42)
	at com.pomo.danmutools.cmd.App.main(App.java:16)
Caused by: java.io.FileNotFoundException: http://cmts.iqiyi.com/bullet/80/00/733738000_300_27.z?rn=0.3706617657932365&business=danmu&is_iqiyi=true&is_video_page=true&tvid=733738000&albumid=733738000&categoryid=1&qypid=01010021010000000000
	at sun.net.www.protocol.http.HttpURLConnection.getInputStream0(Unknown Source)
	at sun.net.www.protocol.http.HttpURLConnection.getInputStream(Unknown Source)
	at java.net.HttpURLConnection.getResponseCode(Unknown Source)
	at org.pomo.fast.http.FastHttp.lambda$send$0(FastHttp.java:111)
	... 51 more
2018-05-15 11:27:52,983 WARN [org.pomo.fast.http.FastHttp] - 请求失败！状态码：404，错误信息：Not Found，错误内容：null
2018-05-15 11:27:52,983 DEBUG [com.pomo.danmutools.base.utils.Utils] - 执行操作时发生异常!
UnexpectedResponseException(code=404, massage=Not Found, content=null)
	at org.pomo.fast.http.FastHttp.lambda$send$2(FastHttp.java:158)
	at org.pomo.fast.lambda.model.TryFunction.apply(TryFunction.java:15)
	at org.pomo.fast.http.FastHttp.lambda$send$0(FastHttp.java:130)
	at org.pomo.fast.lambda.model.TryBiFunction.apply(TryBiFunction.java:15)
	at org.pomo.fast.http.FastHttp.doSend(FastHttp.java:368)
	at org.pomo.fast.http.FastHttp.send(FastHttp.java:104)
	at org.pomo.fast.http.FastHttp.send(FastHttp.java:109)
	at org.pomo.fast.http.FastHttp.send(FastHttp.java:137)
	at org.pomo.fast.http.FastHttp.sendGET(FastHttp.java:188)
	at com.pomo.danmutools.base.utils.Https.lambda$get$0(Https.java:60)
	at com.pomo.danmutools.base.utils.Utils.retrySupplier(Utils.java:67)
	at com.pomo.danmutools.base.utils.Https.get(Https.java:60)
	at com.pomo.danmutools.resolver.impl.iqiyi.IQiYiSingleDanMuResolver.getDanMuResponse(IQiYiSingleDanMuResolver.java:135)
	at com.pomo.danmutools.resolver.impl.iqiyi.IQiYiSingleDanMuResolver.loadDanMuItems(IQiYiSingleDanMuResolver.java:98)
	at com.pomo.danmutools.resolver.impl.iqiyi.IQiYiSingleDanMuResolver.loadDanMuItems(IQiYiSingleDanMuResolver.java:110)
	at com.pomo.danmutools.resolver.impl.iqiyi.IQiYiSingleDanMuResolver.loadDanMuItems(IQiYiSingleDanMuResolver.java:110)
	at com.pomo.danmutools.resolver.impl.iqiyi.IQiYiSingleDanMuResolver.loadDanMuItems(IQiYiSingleDanMuResolver.java:110)
	at com.pomo.danmutools.resolver.impl.iqiyi.IQiYiSingleDanMuResolver.loadDanMuItems(IQiYiSingleDanMuResolver.java:110)
	at com.pomo.danmutools.resolver.impl.iqiyi.IQiYiSingleDanMuResolver.loadDanMuItems(IQiYiSingleDanMuResolver.java:110)
	at com.pomo.danmutools.resolver.impl.iqiyi.IQiYiSingleDanMuResolver.loadDanMuItems(IQiYiSingleDanMuResolver.java:110)
	at com.pomo.danmutools.resolver.impl.iqiyi.IQiYiSingleDanMuResolver.loadDanMuItems(IQiYiSingleDanMuResolver.java:110)
	at com.pomo.danmutools.resolver.impl.iqiyi.IQiYiSingleDanMuResolver.loadDanMuItems(IQiYiSingleDanMuResolver.java:110)
	at com.pomo.danmutools.resolver.impl.iqiyi.IQiYiSingleDanMuResolver.loadDanMuItems(IQiYiSingleDanMuResolver.java:110)
	at com.pomo.danmutools.resolver.impl.iqiyi.IQiYiSingleDanMuResolver.loadDanMuItems(IQiYiSingleDanMuResolver.java:110)
	at com.pomo.danmutools.resolver.impl.iqiyi.IQiYiSingleDanMuResolver.loadDanMuItems(IQiYiSingleDanMuResolver.java:110)
	at com.pomo.danmutools.resolver.impl.iqiyi.IQiYiSingleDanMuResolver.loadDanMuItems(IQiYiSingleDanMuResolver.java:110)
	at com.pomo.danmutools.resolver.impl.iqiyi.IQiYiSingleDanMuResolver.loadDanMuItems(IQiYiSingleDanMuResolver.java:110)
	at com.pomo.danmutools.resolver.impl.iqiyi.IQiYiSingleDanMuResolver.loadDanMuItems(IQiYiSingleDanMuResolver.java:110)
	at com.pomo.danmutools.resolver.impl.iqiyi.IQiYiSingleDanMuResolver.loadDanMuItems(IQiYiSingleDanMuResolver.java:110)
	at com.pomo.danmutools.resolver.impl.iqiyi.IQiYiSingleDanMuResolver.loadDanMuItems(IQiYiSingleDanMuResolver.java:110)
	at com.pomo.danmutools.resolver.impl.iqiyi.IQiYiSingleDanMuResolver.loadDanMuItems(IQiYiSingleDanMuResolver.java:110)
	at com.pomo.danmutools.resolver.impl.iqiyi.IQiYiSingleDanMuResolver.loadDanMuItems(IQiYiSingleDanMuResolver.java:110)
	at com.pomo.danmutools.resolver.impl.iqiyi.IQiYiSingleDanMuResolver.loadDanMuItems(IQiYiSingleDanMuResolver.java:110)
	at com.pomo.danmutools.resolver.impl.iqiyi.IQiYiSingleDanMuResolver.loadDanMuItems(IQiYiSingleDanMuResolver.java:110)
	at com.pomo.danmutools.resolver.impl.iqiyi.IQiYiSingleDanMuResolver.loadDanMuItems(IQiYiSingleDanMuResolver.java:110)
	at com.pomo.danmutools.resolver.impl.iqiyi.IQiYiSingleDanMuResolver.loadDanMuItems(IQiYiSingleDanMuResolver.java:110)
	at com.pomo.danmutools.resolver.impl.iqiyi.IQiYiSingleDanMuResolver.loadDanMuItems(IQiYiSingleDanMuResolver.java:110)
	at com.pomo.danmutools.resolver.impl.iqiyi.IQiYiSingleDanMuResolver.loadDanMuItems(IQiYiSingleDanMuResolver.java:110)
	at com.pomo.danmutools.resolver.impl.iqiyi.IQiYiSingleDanMuResolver.loadDanMuItems(IQiYiSingleDanMuResolver.java:110)
	at com.pomo.danmutools.resolver.impl.iqiyi.IQiYiSingleDanMuResolver.loadDanMuItems(IQiYiSingleDanMuResolver.java:110)
	at com.pomo.danmutools.resolver.impl.iqiyi.IQiYiSingleDanMuResolver.getDanMuItems(IQiYiSingleDanMuResolver.java:90)
	at com.pomo.danmutools.resolver.impl.iqiyi.IQiYiSingleDanMuResolver.lambda$resolver$0(IQiYiSingleDanMuResolver.java:64)
	at org.pomo.fast.lambda.model.TrySupplier.get(TrySupplier.java:15)
	at com.pomo.danmutools.resolver.api.impl.AbstractSupplierDanMuGenerator.lambda$new$0(AbstractSupplierDanMuGenerator.java:24)
	at org.pomo.fast.freemarker.FastFreemarker.born(FastFreemarker.java:233)
	at org.pomo.fast.freemarker.FastFreemarker.born(FastFreemarker.java:158)
	at com.pomo.danmutools.resolver.api.impl.SupplierDanMuGenerator.doExecute(SupplierDanMuGenerator.java:31)
	at com.pomo.danmutools.resolver.api.impl.AbstractSupplierDanMuGenerator.doExecute(AbstractSupplierDanMuGenerator.java:30)
	at com.pomo.danmutools.resolver.api.impl.AbstractDanMuGenerator.execute(AbstractDanMuGenerator.java:26)
	at com.pomo.danmutools.core.DanMuDownloader.downloadByUrl(DanMuDownloader.java:67)
	at com.pomo.danmutools.core.DanMuDownloader.download(DanMuDownloader.java:100)
	at com.pomo.danmutools.cmd.Downloader.execute(Downloader.java:24)
	at org.pomo.easy.struct.base.Executor.exec(Executor.java:42)
	at com.pomo.danmutools.cmd.App.main(App.java:16)
2018-05-15 11:27:52,985 DEBUG [org.pomo.fast.file.FastFile] - 判断文件是否存在:D:\文档\脚本\新建文件夹\DanmuGenius\Plugin\danmu-tools\DanMu\降临.xml
2018-05-15 11:27:52,985 DEBUG [org.pomo.fast.file.FastFile] - 创建了一个空白文件:D:\文档\脚本\新建文件夹\DanmuGenius\Plugin\danmu-tools\DanMu\降临.xml
2018-05-15 11:27:53,295 INFO [com.pomo.danmutools.resolver.api.impl.AbstractDanMuGenerator] - 弹幕《降临.xml》，创建成功！
2018-05-15 11:27:53,295 DEBUG [com.pomo.danmutools.core.DanMuDownloader] - 耗时：48秒
